<?xml version="1.0" encoding="UTF-8"?>
<testsuite xmlns:xsi="http://www.w3.org/2001/XMLSchema-instance" xsi:noNamespaceSchemaLocation="https://maven.apache.org/surefire/maven-surefire-plugin/xsd/surefire-test-report.xsd" version="3.0.1" name="com.mycompany.app.AppTest" time="0.147" tests="5" errors="0" skipped="0" failures="0">
  <properties>
[...]
</properties>
  <testcase name="WrongOrder" classname="com.mycompany.app.AppTest" time="0.105">
    <system-out><![CDATA[Cheese Pizza
It isn't done yet
----preparing a cheese pizza
---baking a cheese pizza
--cutting a cheese pizza
-boxing a cheese pizza
Finished making a cheese pizza

]]></system-out>
  </testcase>
  <testcase name="GlutenFreePizza" classname="com.mycompany.app.AppTest" time="0.002">
    <system-out><![CDATA[GlutenFree Pizza
----preparing a gluten free pizza
---baking a gluten free pizza
--cutting a gluten free pizza
-boxing a gluten free pizza
Finished making a gluten free pizza

]]></system-out>
  </testcase>
  <testcase name="PepperoniPizza" classname="com.mycompany.app.AppTest" time="0.002">
    <system-out><![CDATA[Pepperoni Pizza
----preparing a pepperoni pizza
---baking a pepperoni pizza
--cutting a pepperoni pizza
-boxing a pepperoni pizza
Finished making a pepperoni pizza

]]></system-out>
  </testcase>
  <testcase name="CheesePizza" classname="com.mycompany.app.AppTest" time="0.001">
    <system-out><![CDATA[Cheese Pizza
----preparing a cheese pizza
---baking a cheese pizza
--cutting a cheese pizza
-boxing a cheese pizza
Finished making a cheese pizza

]]></system-out>
  </testcase>
  <testcase name="GreekPizza" classname="com.mycompany.app.AppTest" time="0.001">
    <system-out><![CDATA[Greek Pizza
----preparing a greek pizza
---baking a greek pizza
--cutting a greek pizza
-boxing a greek pizza
Finished making a greek pizza

]]></system-out>
  </testcase>
</testsuite>